<?xml version="1.0" encoding="UTF-8" ?>
<testsuite tests="11" failures="0" name="HotelManagement.ReservationTest" time="9.56" errors="0" skipped="0">
  <properties>
[...]
</properties>
  <testcase classname="HotelManagement.ReservationTest" name="HotelManagement.ReservationTest.testLoadReservation" time="0.001"/>
  <testcase classname="HotelManagement.ReservationTest" name="HotelManagement.ReservationTest.testConvertDate" time="5.108"/>
  <testcase classname="HotelManagement.ReservationTest" name="HotelManagement.ReservationTest.testLoadRoom" time="0"/>
  <testcase classname="HotelManagement.ReservationTest" name="HotelManagement.ReservationTest.testNumOfStay" time="2.266"/>
  <testcase classname="HotelManagement.ReservationTest" name="HotelManagement.ReservationTest.testBedType" time="0"/>
  <testcase classname="HotelManagement.ReservationTest" name="HotelManagement.ReservationTest.testConnect" time="0"/>
  <testcase classname="HotelManagement.ReservationTest" name="HotelManagement.ReservationTest.testAutoID" time="0"/>
  <testcase classname="HotelManagement.ReservationTest" name="HotelManagement.ReservationTest.testRoomNo" time="0"/>
  <testcase classname="HotelManagement.ReservationTest" name="HotelManagement.ReservationTest.testRoomTypeL" time="0"/>
  <testcase classname="HotelManagement.ReservationTest" name="HotelManagement.ReservationTest.testStringToDate" time="2.185"/>
  <testcase classname="HotelManagement.ReservationTest" name="HotelManagement.ReservationTest.testMain" time="0"/>
</testsuite>